2022-01-25 13:54:15,266 DEBUG urllib3.connectionpool Thread-3: Starting new HTTPS connection (1): api.trello.com:443
2022-01-25 13:54:15,578 DEBUG urllib3.connectionpool Thread-3: https://api.trello.com:443 "GET /1/boards/61ade84dfee5c95cfb92ec04/cards?key=848916722b4e2a84698f728c75a4d202&token=4e6e60907c916b9c3c03dbd546d41f0b1615f668a2bdb1129d0f89c3d134b47b HTTP/1.1" 200 None
2022-01-25 13:54:15,582 DEBUG urllib3.connectionpool Thread-3: Starting new HTTPS connection (1): api.trello.com:443
2022-01-25 13:54:15,866 DEBUG urllib3.connectionpool Thread-3: https://api.trello.com:443 "GET /1/cards/61b8afd6d1168d7a5c6176f3/list?key=848916722b4e2a84698f728c75a4d202&token=4e6e60907c916b9c3c03dbd546d41f0b1615f668a2bdb1129d0f89c3d134b47b HTTP/1.1" 200 None
2022-01-25 13:54:15,882 DEBUG urllib3.connectionpool Thread-3: Starting new HTTPS connection (1): api.trello.com:443
2022-01-25 13:54:16,147 DEBUG urllib3.connectionpool Thread-3: https://api.trello.com:443 "GET /1/cards/61b8b0046fc626386fe5440a/list?key=848916722b4e2a84698f728c75a4d202&token=4e6e60907c916b9c3c03dbd546d41f0b1615f668a2bdb1129d0f89c3d134b47b HTTP/1.1" 200 None
2022-01-25 13:54:16,154 DEBUG urllib3.connectionpool Thread-3: Starting new HTTPS connection (1): api.trello.com:443
2022-01-25 13:54:16,406 DEBUG urllib3.connectionpool Thread-3: https://api.trello.com:443 "GET /1/cards/61b8b258574b932a36242f17/list?key=848916722b4e2a84698f728c75a4d202&token=4e6e60907c916b9c3c03dbd546d41f0b1615f668a2bdb1129d0f89c3d134b47b HTTP/1.1" 200 None
2022-01-25 13:54:16,414 DEBUG urllib3.connectionpool Thread-3: Starting new HTTPS connection (1): api.trello.com:443
2022-01-25 13:54:16,688 DEBUG urllib3.connectionpool Thread-3: https://api.trello.com:443 "GET /1/cards/61af593dc47fa17a16232025/list?key=848916722b4e2a84698f728c75a4d202&token=4e6e60907c916b9c3c03dbd546d41f0b1615f668a2bdb1129d0f89c3d134b47b HTTP/1.1" 200 None
2022-01-25 13:54:16,699 DEBUG urllib3.connectionpool Thread-3: Starting new HTTPS connection (1): api.trello.com:443
2022-01-25 13:54:16,979 DEBUG urllib3.connectionpool Thread-3: https://api.trello.com:443 "GET /1/cards/61afaefa99a6ca4da57b65b2/list?key=848916722b4e2a84698f728c75a4d202&token=4e6e60907c916b9c3c03dbd546d41f0b1615f668a2bdb1129d0f89c3d134b47b HTTP/1.1" 200 None
2022-01-25 13:54:16,985 DEBUG urllib3.connectionpool Thread-3: Starting new HTTPS connection (1): api.trello.com:443
2022-01-25 13:54:17,245 DEBUG urllib3.connectionpool Thread-3: https://api.trello.com:443 "GET /1/cards/61af53ba00150777011239f8/list?key=848916722b4e2a84698f728c75a4d202&token=4e6e60907c916b9c3c03dbd546d41f0b1615f668a2bdb1129d0f89c3d134b47b HTTP/1.1" 200 None
2022-01-25 13:54:17,249 DEBUG urllib3.connectionpool Thread-3: Starting new HTTPS connection (1): api.trello.com:443
2022-01-25 13:54:17,509 DEBUG urllib3.connectionpool Thread-3: https://api.trello.com:443 "GET /1/cards/61b89b9d8b97f36ab717339a/list?key=848916722b4e2a84698f728c75a4d202&token=4e6e60907c916b9c3c03dbd546d41f0b1615f668a2bdb1129d0f89c3d134b47b HTTP/1.1" 200 None
2022-01-25 13:54:17,523 DEBUG urllib3.connectionpool Thread-3: Starting new HTTPS connection (1): api.trello.com:443
2022-01-25 13:54:17,785 DEBUG urllib3.connectionpool Thread-3: https://api.trello.com:443 "GET /1/cards/61b0d42cb3c58e56bc36b3cc/list?key=848916722b4e2a84698f728c75a4d202&token=4e6e60907c916b9c3c03dbd546d41f0b1615f668a2bdb1129d0f89c3d134b47b HTTP/1.1" 200 None
2022-01-25 13:54:17,852 INFO werkzeug Thread-3: 127.0.0.1 - - [25/Jan/2022 13:54:17] "[37mGET / HTTP/1.1[0m" 200 -
2022-01-25 13:54:17,880 DEBUG urllib3.connectionpool Thread-4: Starting new HTTPS connection (1): api.trello.com:443
2022-01-25 13:54:18,122 DEBUG urllib3.connectionpool Thread-4: https://api.trello.com:443 "GET /1/cards/61b8afd6d1168d7a5c6176f3?key=848916722b4e2a84698f728c75a4d202&token=4e6e60907c916b9c3c03dbd546d41f0b1615f668a2bdb1129d0f89c3d134b47b HTTP/1.1" 200 None
2022-01-25 13:54:18,132 DEBUG urllib3.connectionpool Thread-4: Starting new HTTPS connection (1): api.trello.com:443
2022-01-25 13:54:18,371 DEBUG urllib3.connectionpool Thread-4: https://api.trello.com:443 "GET /1/cards/61b8afd6d1168d7a5c6176f3/list?key=848916722b4e2a84698f728c75a4d202&token=4e6e60907c916b9c3c03dbd546d41f0b1615f668a2bdb1129d0f89c3d134b47b HTTP/1.1" 200 None
2022-01-25 13:54:18,380 INFO werkzeug Thread-4: 127.0.0.1 - - [25/Jan/2022 13:54:18] "[37mGET /task/?taskId=61b8afd6d1168d7a5c6176f3&taskName=To+do+test&taskListName=To+Do&taskDescription=Here%27s+another+description+of+a+task+we+need+to+do.+ HTTP/1.1[0m" 200 -
2022-01-25 13:55:08,059 DEBUG urllib3.connectionpool Thread-5: Starting new HTTPS connection (1): api.trello.com:443
2022-01-25 13:55:08,611 DEBUG urllib3.connectionpool Thread-5: https://api.trello.com:443 "GET /1/cards/61b8afd6d1168d7a5c6176f3?key=848916722b4e2a84698f728c75a4d202&token=4e6e60907c916b9c3c03dbd546d41f0b1615f668a2bdb1129d0f89c3d134b47b HTTP/1.1" 200 None
2022-01-25 13:55:08,617 DEBUG urllib3.connectionpool Thread-5: Starting new HTTPS connection (1): api.trello.com:443
2022-01-25 13:55:08,869 DEBUG urllib3.connectionpool Thread-5: https://api.trello.com:443 "GET /1/cards/61b8afd6d1168d7a5c6176f3/list?key=848916722b4e2a84698f728c75a4d202&token=4e6e60907c916b9c3c03dbd546d41f0b1615f668a2bdb1129d0f89c3d134b47b HTTP/1.1" 200 None
2022-01-25 13:55:08,872 INFO werkzeug Thread-5: 127.0.0.1 - - [25/Jan/2022 13:55:08] "[37mGET /task/?taskId=61b8afd6d1168d7a5c6176f3&taskName=To+do+test&taskListName=To+Do&taskDescription=Here%27s+another+description+of+a+task+we+need+to+do.+ HTTP/1.1[0m" 200 -
2022-01-25 13:55:31,422 DEBUG urllib3.connectionpool Thread-6: Starting new HTTPS connection (1): api.trello.com:443
2022-01-25 13:55:31,690 DEBUG urllib3.connectionpool Thread-6: https://api.trello.com:443 "GET /1/boards/61ade84dfee5c95cfb92ec04/cards?key=848916722b4e2a84698f728c75a4d202&token=4e6e60907c916b9c3c03dbd546d41f0b1615f668a2bdb1129d0f89c3d134b47b HTTP/1.1" 200 None
2022-01-25 13:55:31,700 DEBUG urllib3.connectionpool Thread-6: Starting new HTTPS connection (1): api.trello.com:443
2022-01-25 13:55:31,963 DEBUG urllib3.connectionpool Thread-6: https://api.trello.com:443 "GET /1/cards/61b8afd6d1168d7a5c6176f3/list?key=848916722b4e2a84698f728c75a4d202&token=4e6e60907c916b9c3c03dbd546d41f0b1615f668a2bdb1129d0f89c3d134b47b HTTP/1.1" 200 None
2022-01-25 13:55:31,993 DEBUG urllib3.connectionpool Thread-6: Starting new HTTPS connection (1): api.trello.com:443
2022-01-25 13:55:32,267 DEBUG urllib3.connectionpool Thread-6: https://api.trello.com:443 "GET /1/cards/61b8b0046fc626386fe5440a/list?key=848916722b4e2a84698f728c75a4d202&token=4e6e60907c916b9c3c03dbd546d41f0b1615f668a2bdb1129d0f89c3d134b47b HTTP/1.1" 200 None
2022-01-25 13:55:32,270 DEBUG urllib3.connectionpool Thread-6: Starting new HTTPS connection (1): api.trello.com:443
2022-01-25 13:55:32,519 DEBUG urllib3.connectionpool Thread-6: https://api.trello.com:443 "GET /1/cards/61b8b258574b932a36242f17/list?key=848916722b4e2a84698f728c75a4d202&token=4e6e60907c916b9c3c03dbd546d41f0b1615f668a2bdb1129d0f89c3d134b47b HTTP/1.1" 200 None
2022-01-25 13:55:32,545 DEBUG urllib3.connectionpool Thread-6: Starting new HTTPS connection (1): api.trello.com:443
2022-01-25 13:55:32,811 DEBUG urllib3.connectionpool Thread-6: https://api.trello.com:443 "GET /1/cards/61af593dc47fa17a16232025/list?key=848916722b4e2a84698f728c75a4d202&token=4e6e60907c916b9c3c03dbd546d41f0b1615f668a2bdb1129d0f89c3d134b47b HTTP/1.1" 200 None
2022-01-25 13:55:32,817 DEBUG urllib3.connectionpool Thread-6: Starting new HTTPS connection (1): api.trello.com:443
2022-01-25 13:55:33,107 DEBUG urllib3.connectionpool Thread-6: https://api.trello.com:443 "GET /1/cards/61afaefa99a6ca4da57b65b2/list?key=848916722b4e2a84698f728c75a4d202&token=4e6e60907c916b9c3c03dbd546d41f0b1615f668a2bdb1129d0f89c3d134b47b HTTP/1.1" 200 None
2022-01-25 13:55:33,122 DEBUG urllib3.connectionpool Thread-6: Starting new HTTPS connection (1): api.trello.com:443
2022-01-25 13:55:33,387 DEBUG urllib3.connectionpool Thread-6: https://api.trello.com:443 "GET /1/cards/61af53ba00150777011239f8/list?key=848916722b4e2a84698f728c75a4d202&token=4e6e60907c916b9c3c03dbd546d41f0b1615f668a2bdb1129d0f89c3d134b47b HTTP/1.1" 200 None
2022-01-25 13:55:33,401 DEBUG urllib3.connectionpool Thread-6: Starting new HTTPS connection (1): api.trello.com:443
2022-01-25 13:55:33,644 DEBUG urllib3.connectionpool Thread-6: https://api.trello.com:443 "GET /1/cards/61b89b9d8b97f36ab717339a/list?key=848916722b4e2a84698f728c75a4d202&token=4e6e60907c916b9c3c03dbd546d41f0b1615f668a2bdb1129d0f89c3d134b47b HTTP/1.1" 200 None
2022-01-25 13:55:33,653 DEBUG urllib3.connectionpool Thread-6: Starting new HTTPS connection (1): api.trello.com:443
2022-01-25 13:55:33,903 DEBUG urllib3.connectionpool Thread-6: https://api.trello.com:443 "GET /1/cards/61b0d42cb3c58e56bc36b3cc/list?key=848916722b4e2a84698f728c75a4d202&token=4e6e60907c916b9c3c03dbd546d41f0b1615f668a2bdb1129d0f89c3d134b47b HTTP/1.1" 200 None
2022-01-25 13:55:33,908 INFO werkzeug Thread-6: 127.0.0.1 - - [25/Jan/2022 13:55:33] "[37mGET / HTTP/1.1[0m" 200 -
2022-01-25 13:55:36,903 DEBUG urllib3.connectionpool Thread-7: Starting new HTTPS connection (1): api.trello.com:443
2022-01-25 13:55:37,171 DEBUG urllib3.connectionpool Thread-7: https://api.trello.com:443 "GET /1/cards/61b8afd6d1168d7a5c6176f3?key=848916722b4e2a84698f728c75a4d202&token=4e6e60907c916b9c3c03dbd546d41f0b1615f668a2bdb1129d0f89c3d134b47b HTTP/1.1" 200 None
2022-01-25 13:55:37,179 DEBUG urllib3.connectionpool Thread-7: Starting new HTTPS connection (1): api.trello.com:443
2022-01-25 13:55:37,440 DEBUG urllib3.connectionpool Thread-7: https://api.trello.com:443 "GET /1/cards/61b8afd6d1168d7a5c6176f3/list?key=848916722b4e2a84698f728c75a4d202&token=4e6e60907c916b9c3c03dbd546d41f0b1615f668a2bdb1129d0f89c3d134b47b HTTP/1.1" 200 None
2022-01-25 13:55:37,448 INFO werkzeug Thread-7: 127.0.0.1 - - [25/Jan/2022 13:55:37] "[37mGET /task/?taskId=61b8afd6d1168d7a5c6176f3&taskName=To+do+test&taskListName=To+Do&taskDescription=Here%27s+another+description+of+a+task+we+need+to+do.+ HTTP/1.1[0m" 200 -
2022-01-25 13:55:45,464 DEBUG urllib3.connectionpool Thread-8: Starting new HTTPS connection (1): api.trello.com:443
2022-01-25 13:55:45,714 DEBUG urllib3.connectionpool Thread-8: https://api.trello.com:443 "GET /1/cards/61b8afd6d1168d7a5c6176f3?key=848916722b4e2a84698f728c75a4d202&token=4e6e60907c916b9c3c03dbd546d41f0b1615f668a2bdb1129d0f89c3d134b47b HTTP/1.1" 200 None
2022-01-25 13:55:45,724 DEBUG urllib3.connectionpool Thread-8: Starting new HTTPS connection (1): api.trello.com:443
2022-01-25 13:55:45,993 DEBUG urllib3.connectionpool Thread-8: https://api.trello.com:443 "GET /1/cards/61b8afd6d1168d7a5c6176f3/list?key=848916722b4e2a84698f728c75a4d202&token=4e6e60907c916b9c3c03dbd546d41f0b1615f668a2bdb1129d0f89c3d134b47b HTTP/1.1" 200 None
2022-01-25 13:55:45,996 INFO werkzeug Thread-8: 127.0.0.1 - - [25/Jan/2022 13:55:45] "[37mGET /task/?taskId=61b8afd6d1168d7a5c6176f3&taskName=To+do+test&taskListName=To+Do&taskDescription=Here%27s+another+description+of+a+task+we+need+to+do.+ HTTP/1.1[0m" 200 -
2022-01-25 13:55:58,213 DEBUG urllib3.connectionpool Thread-9: Starting new HTTPS connection (1): api.trello.com:443
2022-01-25 13:55:58,741 DEBUG urllib3.connectionpool Thread-9: https://api.trello.com:443 "GET /1/cards/61b8afd6d1168d7a5c6176f3?key=848916722b4e2a84698f728c75a4d202&token=4e6e60907c916b9c3c03dbd546d41f0b1615f668a2bdb1129d0f89c3d134b47b HTTP/1.1" 200 None
2022-01-25 13:55:58,749 DEBUG urllib3.connectionpool Thread-9: Starting new HTTPS connection (1): api.trello.com:443
2022-01-25 13:55:59,005 DEBUG urllib3.connectionpool Thread-9: https://api.trello.com:443 "GET /1/cards/61b8afd6d1168d7a5c6176f3/list?key=848916722b4e2a84698f728c75a4d202&token=4e6e60907c916b9c3c03dbd546d41f0b1615f668a2bdb1129d0f89c3d134b47b HTTP/1.1" 200 None
2022-01-25 13:55:59,009 INFO werkzeug Thread-9: 127.0.0.1 - - [25/Jan/2022 13:55:59] "[37mGET /task/?taskId=61b8afd6d1168d7a5c6176f3&taskName=To+do+test&taskListName=To+Do&taskDescription=Here%27s+another+description+of+a+task+we+need+to+do.+ HTTP/1.1[0m" 200 -
2022-01-25 13:56:06,466 DEBUG urllib3.connectionpool Thread-10: Starting new HTTPS connection (1): api.trello.com:443
2022-01-25 13:56:07,001 DEBUG urllib3.connectionpool Thread-10: https://api.trello.com:443 "GET /1/boards/61ade84dfee5c95cfb92ec04/cards?key=848916722b4e2a84698f728c75a4d202&token=4e6e60907c916b9c3c03dbd546d41f0b1615f668a2bdb1129d0f89c3d134b47b HTTP/1.1" 200 None
2022-01-25 13:56:07,015 DEBUG urllib3.connectionpool Thread-10: Starting new HTTPS connection (1): api.trello.com:443
2022-01-25 13:56:07,288 DEBUG urllib3.connectionpool Thread-10: https://api.trello.com:443 "GET /1/cards/61b8afd6d1168d7a5c6176f3/list?key=848916722b4e2a84698f728c75a4d202&token=4e6e60907c916b9c3c03dbd546d41f0b1615f668a2bdb1129d0f89c3d134b47b HTTP/1.1" 200 None
2022-01-25 13:56:07,296 DEBUG urllib3.connectionpool Thread-10: Starting new HTTPS connection (1): api.trello.com:443
2022-01-25 13:56:07,537 DEBUG urllib3.connectionpool Thread-10: https://api.trello.com:443 "GET /1/cards/61b8b0046fc626386fe5440a/list?key=848916722b4e2a84698f728c75a4d202&token=4e6e60907c916b9c3c03dbd546d41f0b1615f668a2bdb1129d0f89c3d134b47b HTTP/1.1" 200 None
2022-01-25 13:56:07,543 DEBUG urllib3.connectionpool Thread-10: Starting new HTTPS connection (1): api.trello.com:443
2022-01-25 13:56:07,800 DEBUG urllib3.connectionpool Thread-10: https://api.trello.com:443 "GET /1/cards/61b8b258574b932a36242f17/list?key=848916722b4e2a84698f728c75a4d202&token=4e6e60907c916b9c3c03dbd546d41f0b1615f668a2bdb1129d0f89c3d134b47b HTTP/1.1" 200 None
2022-01-25 13:56:07,828 DEBUG urllib3.connectionpool Thread-10: Starting new HTTPS connection (1): api.trello.com:443
2022-01-25 13:56:08,073 DEBUG urllib3.connectionpool Thread-10: https://api.trello.com:443 "GET /1/cards/61af593dc47fa17a16232025/list?key=848916722b4e2a84698f728c75a4d202&token=4e6e60907c916b9c3c03dbd546d41f0b1615f668a2bdb1129d0f89c3d134b47b HTTP/1.1" 200 None
2022-01-25 13:56:08,080 DEBUG urllib3.connectionpool Thread-10: Starting new HTTPS connection (1): api.trello.com:443
2022-01-25 13:56:08,381 DEBUG urllib3.connectionpool Thread-10: https://api.trello.com:443 "GET /1/cards/61afaefa99a6ca4da57b65b2/list?key=848916722b4e2a84698f728c75a4d202&token=4e6e60907c916b9c3c03dbd546d41f0b1615f668a2bdb1129d0f89c3d134b47b HTTP/1.1" 200 None
2022-01-25 13:56:08,397 DEBUG urllib3.connectionpool Thread-10: Starting new HTTPS connection (1): api.trello.com:443
2022-01-25 13:56:08,927 DEBUG urllib3.connectionpool Thread-10: https://api.trello.com:443 "GET /1/cards/61af53ba00150777011239f8/list?key=848916722b4e2a84698f728c75a4d202&token=4e6e60907c916b9c3c03dbd546d41f0b1615f668a2bdb1129d0f89c3d134b47b HTTP/1.1" 200 None
2022-01-25 13:56:08,930 DEBUG urllib3.connectionpool Thread-10: Starting new HTTPS connection (1): api.trello.com:443
2022-01-25 13:56:09,536 DEBUG urllib3.connectionpool Thread-10: https://api.trello.com:443 "GET /1/cards/61b89b9d8b97f36ab717339a/list?key=848916722b4e2a84698f728c75a4d202&token=4e6e60907c916b9c3c03dbd546d41f0b1615f668a2bdb1129d0f89c3d134b47b HTTP/1.1" 200 None
2022-01-25 13:56:09,545 DEBUG urllib3.connectionpool Thread-10: Starting new HTTPS connection (1): api.trello.com:443
2022-01-25 13:56:10,092 DEBUG urllib3.connectionpool Thread-10: https://api.trello.com:443 "GET /1/cards/61b0d42cb3c58e56bc36b3cc/list?key=848916722b4e2a84698f728c75a4d202&token=4e6e60907c916b9c3c03dbd546d41f0b1615f668a2bdb1129d0f89c3d134b47b HTTP/1.1" 200 None
2022-01-25 13:56:10,095 INFO werkzeug Thread-10: 127.0.0.1 - - [25/Jan/2022 13:56:10] "[37mGET / HTTP/1.1[0m" 200 -
2022-01-25 13:56:13,361 DEBUG urllib3.connectionpool Thread-11: Starting new HTTPS connection (1): api.trello.com:443
2022-01-25 13:56:13,623 DEBUG urllib3.connectionpool Thread-11: https://api.trello.com:443 "GET /1/cards/61af593dc47fa17a16232025?key=848916722b4e2a84698f728c75a4d202&token=4e6e60907c916b9c3c03dbd546d41f0b1615f668a2bdb1129d0f89c3d134b47b HTTP/1.1" 200 None
2022-01-25 13:56:13,626 DEBUG urllib3.connectionpool Thread-11: Starting new HTTPS connection (1): api.trello.com:443
2022-01-25 13:56:13,919 DEBUG urllib3.connectionpool Thread-11: https://api.trello.com:443 "GET /1/cards/61af593dc47fa17a16232025/list?key=848916722b4e2a84698f728c75a4d202&token=4e6e60907c916b9c3c03dbd546d41f0b1615f668a2bdb1129d0f89c3d134b47b HTTP/1.1" 200 None
2022-01-25 13:56:13,921 INFO werkzeug Thread-11: 127.0.0.1 - - [25/Jan/2022 13:56:13] "[37mGET /task/?taskId=61af593dc47fa17a16232025&taskName=Test+Card+2&taskListName=Doing&taskDescription=Testing+123 HTTP/1.1[0m" 200 -
2022-01-25 13:57:02,922 DEBUG urllib3.connectionpool Thread-12: Starting new HTTPS connection (1): api.trello.com:443
2022-01-25 13:57:03,179 DEBUG urllib3.connectionpool Thread-12: https://api.trello.com:443 "GET /1/cards/61af573dc47fa17a16232025?key=848916722b4e2a84698f728c75a4d202&token=4e6e60907c916b9c3c03dbd546d41f0b1615f668a2bdb1129d0f89c3d134b47b HTTP/1.1" 404 37
2022-01-25 13:57:03,261 INFO werkzeug Thread-12: 127.0.0.1 - - [25/Jan/2022 13:57:03] "[35m[1mGET /task/?taskId=61af573dc47fa17a16232025&taskName=Test+Card+2&taskListName=Doing&taskDescription=Testing+123 HTTP/1.1[0m" 500 -
2022-01-25 13:57:03,716 INFO werkzeug Thread-13: 127.0.0.1 - - [25/Jan/2022 13:57:03] "[37mGET /task/?__debugger__=yes&cmd=resource&f=style.css HTTP/1.1[0m" 200 -
2022-01-25 13:57:03,824 INFO werkzeug Thread-14: 127.0.0.1 - - [25/Jan/2022 13:57:03] "[37mGET /task/?__debugger__=yes&cmd=resource&f=jquery.js HTTP/1.1[0m" 200 -
2022-01-25 13:57:03,826 INFO werkzeug Thread-15: 127.0.0.1 - - [25/Jan/2022 13:57:03] "[37mGET /task/?__debugger__=yes&cmd=resource&f=debugger.js HTTP/1.1[0m" 200 -
2022-01-25 13:57:04,772 INFO werkzeug Thread-16: 127.0.0.1 - - [25/Jan/2022 13:57:04] "[37mGET /task/?__debugger__=yes&cmd=resource&f=console.png HTTP/1.1[0m" 200 -
2022-01-25 13:57:04,923 INFO werkzeug Thread-17: 127.0.0.1 - - [25/Jan/2022 13:57:04] "[37mGET /task/?__debugger__=yes&cmd=resource&f=console.png HTTP/1.1[0m" 200 -
2022-01-25 13:59:36,646 DEBUG urllib3.connectionpool Thread-18: Starting new HTTPS connection (1): api.trello.com:443
2022-01-25 13:59:36,897 DEBUG urllib3.connectionpool Thread-18: https://api.trello.com:443 "GET /1/cards/taskid?key=848916722b4e2a84698f728c75a4d202&token=4e6e60907c916b9c3c03dbd546d41f0b1615f668a2bdb1129d0f89c3d134b47b HTTP/1.1" 400 10
2022-01-25 13:59:36,910 INFO werkzeug Thread-18: 127.0.0.1 - - [25/Jan/2022 13:59:36] "[35m[1mGET /task/?taskId=taskid&taskName=taskName+2&taskListName=taksListName&taskDescription=description HTTP/1.1[0m" 500 -
2022-01-25 13:59:37,432 INFO werkzeug Thread-19: 127.0.0.1 - - [25/Jan/2022 13:59:37] "[37mGET /task/?__debugger__=yes&cmd=resource&f=style.css HTTP/1.1[0m" 200 -
2022-01-25 13:59:37,438 INFO werkzeug Thread-20: 127.0.0.1 - - [25/Jan/2022 13:59:37] "[37mGET /task/?__debugger__=yes&cmd=resource&f=jquery.js HTTP/1.1[0m" 200 -
2022-01-25 13:59:37,451 INFO werkzeug Thread-21: 127.0.0.1 - - [25/Jan/2022 13:59:37] "[37mGET /task/?__debugger__=yes&cmd=resource&f=debugger.js HTTP/1.1[0m" 200 -
2022-01-25 13:59:38,176 INFO werkzeug Thread-22: 127.0.0.1 - - [25/Jan/2022 13:59:38] "[37mGET /task/?__debugger__=yes&cmd=resource&f=console.png HTTP/1.1[0m" 200 -
